{
  "RSpec": {
    "coverage": {
      "/Users/chloemingay/bookmarks-website/spec/bookmarks_spec.rb": [
        1,
        null,
        1,
        1,
        1,
        null,
        1,
        1,
        1,
        null,
        null
      ],
      "/Users/chloemingay/bookmarks-website/spec/features/bookmarks_page_spec.rb": [
        1,
        1,
        1,
        1,
        1,
        1,
        null,
        null
      ],
      "/Users/chloemingay/bookmarks-website/spec/features/homepage_features_spec.rb": [
        1,
        1,
        1,
        1,
        null,
        null
      ]
    },
    "timestamp": 1537884684
  }
}
